<?xml version="1.0" encoding="UTF-8"?>
<robot generator="Robot 7.4.1 (Python 3.13.7 on win32)" generated="2026-02-02T09:53:05.787451" rpa="false" schemaversion="5">
<suite id="s1" name="Keyword Data" source="C:\Users\rahul\Wipro2026\Python_Wipro\LabAssesments\Day 13\keyword_data.robot">
<status status="SKIP" start="2026-02-02T09:53:05.788921" elapsed="0.053410"/>
</suite>
<statistics>
<total>
<stat pass="0" fail="0" skip="0">All Tests</stat>
</total>
<tag>
</tag>
<suite>
<stat name="Keyword Data" id="s1" pass="0" fail="0" skip="0">Keyword Data</stat>
</suite>
</statistics>
<errors>
</errors>
</robot>
